node : Environment 
variables loaded 
from .env
At line:1 char:1
+ node 
--trace-uncaught node
_modules/prisma/build
/index.js generate 
2>& ...
+ ~~~~~~~~~~~~~~~~~~~
~~~~~~~~~~~~~~~~~~~~~
~~~~~~~~~~~~~~~~~~~~~
~~~~~~~~
    + CategoryInfo   
           : NotSpe  
  cified: (Environ   
 ment variables l    
oaded from .env:    
String) [], Remo    
teException
    + FullyQualified 
   ErrorId : Native  
  CommandError
 
Prisma schema loaded from prisma\schema.prisma

Γ£ö Generated Prisma Client (v6.19.2) to .\src\generated\client in 218ms

Start by importing your Prisma Client (See: https://pris.ly/d/importing-client)

Tip: Interested in query caching in just a few lines of code? Try Accelerate today! https://pris.ly/tip-3-accelerate

≡ƒ¢æ Hardcoding URLs in your schema poses a security risk: https://pris.ly/d/datasource-env

